{
  "/Users/stanleyxu/Documents/work/vite/if-vite/if-vite/src/App/index.tsx": {
    "path": "/Users/stanleyxu/Documents/work/vite/if-vite/if-vite/src/App/index.tsx",
    "statementMap": {
      "0": {
        "start": { "line": 1, "column": 0 },
        "end": { "line": 1, "column": 36 }
      },
      "1": {
        "start": { "line": 2, "column": 0 },
        "end": { "line": 2, "column": 39 }
      },
      "2": {
        "start": { "line": 3, "column": 0 },
        "end": { "line": 3, "column": 21 }
      },
      "3": {
        "start": { "line": 6, "column": 28 },
        "end": { "line": 6, "column": 39 }
      },
      "4": {
        "start": { "line": 8, "column": 2 },
        "end": { "line": 42, "column": null }
      },
      "5": {
        "start": { "line": 14, "column": 47 },
        "end": { "line": 14, "column": 77 }
      },
      "6": {
        "start": { "line": 14, "column": 67 },
        "end": { "line": 14, "column": 76 }
      },
      "7": {
        "start": { "line": 45, "column": 0 },
        "end": { "line": 45, "column": null }
      }
    },
    "fnMap": {
      "0": {
        "name": "App",
        "decl": {
          "start": { "line": 5, "column": 9 },
          "end": { "line": 5, "column": 12 }
        },
        "loc": {
          "start": { "line": 5, "column": 12 },
          "end": { "line": 43, "column": 1 }
        }
      },
      "1": {
        "name": "(anonymous_2)",
        "decl": {
          "start": { "line": 14, "column": 41 },
          "end": { "line": 14, "column": 44 }
        },
        "loc": {
          "start": { "line": 14, "column": 47 },
          "end": { "line": 14, "column": 77 }
        }
      },
      "2": {
        "name": "(anonymous_3)",
        "decl": {
          "start": { "line": 14, "column": 56 },
          "end": { "line": 14, "column": 57 }
        },
        "loc": {
          "start": { "line": 14, "column": 67 },
          "end": { "line": 14, "column": 76 }
        }
      }
    },
    "branchMap": {},
    "s": { "0": 1, "1": 1, "2": 1, "3": 3, "4": 3, "5": 1, "6": 1, "7": 1 },
    "f": { "0": 3, "1": 1, "2": 1 },
    "b": {}
  }
}
